<?xml version="1.0" encoding="UTF-8"?>
<!-- Generated by org.testng.reporters.JUnitXMLReporter -->
<testsuite ignored="0" hostname="sachin-Latitude-3420" failures="1" tests="6" name="Surefire test" time="76.086" errors="0" timestamp="2026-05-24T14:44:13 IST">
  <testcase classname="script.test.ErrorValidationsTest" name="LoginErrorValidation" time="0.828">
    <skipped/>
  </testcase> <!-- LoginErrorValidation -->
  <testcase classname="script.test.ErrorValidationsTest" name="LoginErrorValidation" time="0.284">
    <failure type="java.lang.AssertionError" message="expected [Incorrect email or password.] but found [Incorrect email or password.?]">
      <![CDATA[java.lang.AssertionError: expected [Incorrect email or password.] but found [Incorrect email or password.?]
at script.test.ErrorValidationsTest.LoginErrorValidation(ErrorValidationsTest.java:23)
at java.base/java.util.ArrayList.forEach(ArrayList.java:1596)
... Removed 36 stack frames]]>
    </failure>
  </testcase> <!-- LoginErrorValidation -->
  <testcase classname="script.test.ErrorValidationsTest" name="ProductErrorValidation" time="8.841"/>
  <testcase classname="script.test.SubmitOrderTest" name="submitOrder" time="21.254"/>
  <testcase classname="script.test.SubmitOrderTest" name="submitOrder" time="20.682"/>
  <testcase classname="script.test.SubmitOrderTest" name="orderHistoryTest" time="0.669"/>
</testsuite> <!-- Surefire test -->
