<?xml version="1.0" encoding="UTF-8"?>
<!-- Generated by org.testng.reporters.JUnitXMLReporter -->
<testsuite ignored="0" hostname="sachin-Latitude-3420" failures="1" tests="3" name="Error Validations Test" time="18.737" errors="0" timestamp="2026-06-04T16:41:02 IST">
  <testcase classname="script.test.ErrorValidationsTest" name="LoginErrorValidation" time="0.416">
    <skipped/>
  </testcase> <!-- LoginErrorValidation -->
  <testcase classname="script.test.ErrorValidationsTest" name="LoginErrorValidation" time="0.429">
    <failure type="java.lang.AssertionError" message="expected [Incorrect email or password.] but found [Incorrect email or password.?]">
      <![CDATA[java.lang.AssertionError: expected [Incorrect email or password.] but found [Incorrect email or password.?]
at script.test.ErrorValidationsTest.LoginErrorValidation(ErrorValidationsTest.java:23)
at java.base/java.util.ArrayList.forEach(ArrayList.java:1511)
at java.base/java.util.concurrent.FutureTask.run(FutureTask.java:264)
at java.base/java.util.concurrent.ThreadPoolExecutor.runWorker(ThreadPoolExecutor.java:1136)
at java.base/java.util.concurrent.ThreadPoolExecutor$Worker.run(ThreadPoolExecutor.java:635)
at java.base/java.lang.Thread.run(Thread.java:840)
... Removed 23 stack frames]]>
    </failure>
  </testcase> <!-- LoginErrorValidation -->
  <testcase classname="script.test.ErrorValidationsTest" name="ProductErrorValidation" time="9.068"/>
</testsuite> <!-- Error Validations Test -->
