<?xml version="1.0" encoding="UTF-8"?>
<!-- Generated by org.testng.reporters.JUnitXMLReporter -->
<testsuite ignored="2" hostname="sachin-Latitude-3420" failures="0" tests="0" time="0.014" errors="0" timestamp="2026-06-04T16:40:44 IST">
  <testcase classname="script.test.SubmitOrderTest" name="submitOrder" time="0.0">
    <ignored/>
  </testcase> <!-- submitOrder -->
  <testcase classname="script.test.SubmitOrderTest" name="orderHistoryTest" time="0.0">
    <ignored/>
  </testcase> <!-- orderHistoryTest -->
</testsuite>
