<?xml version="1.0" encoding="UTF-8"?>
<!-- Generated by org.testng.reporters.JUnitXMLReporter -->
<testsuite ignored="0" hostname="sachin-Latitude-3420" failures="0" tests="3" name="Submit Order Test" time="47.708" errors="0" timestamp="2026-06-10T14:31:56 IST">
  <testcase classname="script.test.SubmitOrderTest" name="submitOrder" time="20.557"/>
  <testcase classname="script.test.SubmitOrderTest" name="submitOrder" time="20.526"/>
  <testcase classname="script.test.SubmitOrderTest" name="orderHistoryTest" time="0.576"/>
</testsuite> <!-- Submit Order Test -->
