<?xml version="1.0" encoding="UTF-8"?>
<!-- Generated by org.testng.reporters.JUnitXMLReporter -->
<testsuite ignored="1" hostname="sachin-Latitude-3420" failures="0" tests="2" name="Submit Order Test" time="55.096" errors="0" timestamp="2026-06-07T14:14:58 IST">
  <testcase classname="script.test.SubmitOrderTest" name="submitOrder" time="21.119"/>
  <testcase classname="script.test.SubmitOrderTest" name="submitOrder" time="20.982"/>
  <testcase classname="script.test.SubmitOrderTest" name="orderHistoryTest" time="0.0">
    <ignored/>
  </testcase> <!-- orderHistoryTest -->
</testsuite> <!-- Submit Order Test -->
