<?xml version="1.0" encoding="UTF-8"?>
<!-- Generated by org.testng.reporters.JUnitXMLReporter -->
<testsuite ignored="1" hostname="Basavaraj" failures="1" tests="1" name="Submit Order Test(failed)" time="0.418" errors="0" timestamp="2024-12-11T20:09:57 IST">
  <testcase classname="Script.Test.SubmitOrderTest" name="submitOrder" time="0.0">
    <failure type="java.lang.RuntimeException" message="com.fasterxml.jackson.core.JsonParseException: Unexpected character (&amp;apos;{&amp;apos; (code 123)): was expecting comma to separate Array entries
 at [Source: REDACTED (`StreamReadFeature.INCLUDE_SOURCE_IN_LOCATION` disabled); line: 8, column: 1]">
      <![CDATA[java.lang.RuntimeException: com.fasterxml.jackson.core.JsonParseException: Unexpected character ('{' (code 123)): was expecting comma to separate Array entries
 at [Source: REDACTED (`StreamReadFeature.INCLUDE_SOURCE_IN_LOCATION` disabled); line: 8, column: 1]
at java.base/java.util.ArrayList.forEach(ArrayList.java:1511)
at java.base/java.util.concurrent.FutureTask.run(FutureTask.java:264)
at java.base/java.util.concurrent.ThreadPoolExecutor.runWorker(ThreadPoolExecutor.java:1136)
at java.base/java.util.concurrent.ThreadPoolExecutor$Worker.run(ThreadPoolExecutor.java:635)
at java.base/java.lang.Thread.run(Thread.java:833)
Caused by: com.fasterxml.jackson.core.JsonParseException: Unexpected character ('{' (code 123)): was expecting comma to separate Array entries
 at [Source: REDACTED (`StreamReadFeature.INCLUDE_SOURCE_IN_LOCATION` disabled); line: 8, column: 1]
at com.fasterxml.jackson.core.JsonParser._constructReadException(JsonParser.java:2660)
at com.fasterxml.jackson.core.base.ParserMinimalBase._reportUnexpectedChar(ParserMinimalBase.java:741)
at com.fasterxml.jackson.core.json.ReaderBasedJsonParser._skipComma(ReaderBasedJsonParser.java:2429)
at com.fasterxml.jackson.core.json.ReaderBasedJsonParser.nextToken(ReaderBasedJsonParser.java:691)
at com.fasterxml.jackson.databind.deser.std.CollectionDeserializer._deserializeFromArray(CollectionDeserializer.java:352)
at com.fasterxml.jackson.databind.deser.std.CollectionDeserializer.deserialize(CollectionDeserializer.java:246)
at com.fasterxml.jackson.databind.deser.std.CollectionDeserializer.deserialize(CollectionDeserializer.java:30)
at com.fasterxml.jackson.databind.deser.DefaultDeserializationContext.readRootValue(DefaultDeserializationContext.java:342)
at com.fasterxml.jackson.databind.ObjectMapper._readMapAndClose(ObjectMapper.java:4917)
at com.fasterxml.jackson.databind.ObjectMapper.readValue(ObjectMapper.java:3860)
at com.fasterxml.jackson.databind.ObjectMapper.readValue(ObjectMapper.java:3843)
at Script.TestComponents.BaseTest.getJsonDataToMap(BaseTest.java:63)
at Script.Test.SubmitOrderTest.getData(SubmitOrderTest.java:53)
... 19 more
... Removed 22 stack frames]]>
    </failure>
  </testcase> <!-- submitOrder -->
  <testcase classname="Script.Test.SubmitOrderTest" name="orderHistoryTest" time="0.0">
    <ignored/>
  </testcase> <!-- orderHistoryTest -->
</testsuite> <!-- Submit Order Test(failed) -->
