<?xml version="1.0" encoding="UTF-8"?>
<testng-results ignored="3" total="5" passed="2" failed="0" skipped="0">
  <reporter-output>
  </reporter-output>
  <suite started-at="2026-06-07T14:14:02 IST" name="Suite" finished-at="2026-06-07T14:14:58 IST" duration-ms="55096">
    <groups>
      <group name="Purchase">
        <method signature="SubmitOrderTest.submitOrder(java.util.HashMap)[pri:0, instance:script.test.SubmitOrderTest@291ae]" name="submitOrder" class="script.test.SubmitOrderTest"/>
      </group> <!-- Purchase -->
    </groups>
    <test started-at="2026-06-07T14:14:02 IST" name="Error Validations Test" finished-at="2026-06-07T14:14:02 IST" duration-ms="6">
    </test> <!-- Error Validations Test -->
    <test started-at="2026-06-07T14:14:02 IST" name="Submit Order Test" finished-at="2026-06-07T14:14:58 IST" duration-ms="55096">
      <class name="script.test.SubmitOrderTest">
        <test-method is-config="true" signature="lounchApplication()[pri:0, instance:script.test.SubmitOrderTest@291ae]" started-at="2026-06-07T14:14:03 IST" name="lounchApplication" finished-at="2026-06-07T14:14:12 IST" duration-ms="9247" status="PASS">
          <reporter-output>
          </reporter-output>
        </test-method> <!-- lounchApplication -->
        <test-method signature="submitOrder(java.util.HashMap)[pri:0, instance:script.test.SubmitOrderTest@291ae]" started-at="2026-06-07T14:14:12 IST" name="submitOrder" data-provider="getData" finished-at="2026-06-07T14:14:33 IST" duration-ms="21119" status="PASS">
          <params>
            <param index="0">
              <value>
                <![CDATA[{password=Test@123, product=IPHONE 13 PRO, email=Sac@tester.com}]]>
              </value>
            </param>
          </params>
          <reporter-output>
          </reporter-output>
        </test-method> <!-- submitOrder -->
        <test-method is-config="true" signature="tearDown()[pri:0, instance:script.test.SubmitOrderTest@291ae]" started-at="2026-06-07T14:14:33 IST" name="tearDown" finished-at="2026-06-07T14:14:33 IST" duration-ms="81" status="PASS">
          <reporter-output>
          </reporter-output>
        </test-method> <!-- tearDown -->
        <test-method is-config="true" signature="lounchApplication()[pri:0, instance:script.test.SubmitOrderTest@291ae]" started-at="2026-06-07T14:14:33 IST" name="lounchApplication" finished-at="2026-06-07T14:14:36 IST" duration-ms="3449" status="PASS">
          <reporter-output>
          </reporter-output>
        </test-method> <!-- lounchApplication -->
        <test-method signature="submitOrder(java.util.HashMap)[pri:0, instance:script.test.SubmitOrderTest@291ae]" started-at="2026-06-07T14:14:36 IST" name="submitOrder" data-provider="getData" finished-at="2026-06-07T14:14:57 IST" duration-ms="20982" status="PASS">
          <params>
            <param index="0">
              <value>
                <![CDATA[{password=Sachin@123, product=ADIDAS ORIGINAL, email=Tester@sac.com}]]>
              </value>
            </param>
          </params>
          <reporter-output>
          </reporter-output>
        </test-method> <!-- submitOrder -->
        <test-method is-config="true" signature="tearDown()[pri:0, instance:script.test.SubmitOrderTest@291ae]" started-at="2026-06-07T14:14:57 IST" name="tearDown" finished-at="2026-06-07T14:14:58 IST" duration-ms="72" status="PASS">
          <reporter-output>
          </reporter-output>
        </test-method> <!-- tearDown -->
      </class> <!-- script.test.SubmitOrderTest -->
    </test> <!-- Submit Order Test -->
  </suite> <!-- Suite -->
</testng-results>
