<?xml version="1.0" encoding="UTF-8"?>
<testng-results retried="1" ignored="0" total="6" passed="4" failed="1" skipped="0">
  <reporter-output>
  </reporter-output>
  <suite started-at="2026-06-10T14:31:08 IST" name="Suite" finished-at="2026-06-10T14:31:56 IST" duration-ms="47708">
    <groups>
      <group name="ErrorHandling">
        <method signature="ErrorValidationsTest.LoginErrorValidation()[pri:0, instance:script.test.ErrorValidationsTest@618b19ad]" name="LoginErrorValidation" class="script.test.ErrorValidationsTest"/>
      </group> <!-- ErrorHandling -->
      <group name="Purchase">
        <method signature="SubmitOrderTest.submitOrder(java.util.HashMap)[pri:0, instance:script.test.SubmitOrderTest@4fb0f2b9]" name="submitOrder" class="script.test.SubmitOrderTest"/>
      </group> <!-- Purchase -->
    </groups>
    <test started-at="2026-06-10T14:31:08 IST" name="Error Validations Test" finished-at="2026-06-10T14:31:18 IST" duration-ms="10402">
      <class name="script.test.ErrorValidationsTest">
        <test-method is-config="true" signature="lounchApplication()[pri:0, instance:script.test.ErrorValidationsTest@618b19ad]" started-at="2026-06-10T14:31:08 IST" name="lounchApplication" finished-at="2026-06-10T14:31:11 IST" duration-ms="2960" status="PASS">
          <reporter-output>
          </reporter-output>
        </test-method> <!-- lounchApplication -->
        <test-method retried="true" signature="LoginErrorValidation()[pri:0, instance:script.test.ErrorValidationsTest@618b19ad]" started-at="2026-06-10T14:31:11 IST" name="LoginErrorValidation" finished-at="2026-06-10T14:31:12 IST" duration-ms="761" status="SKIP">
          <exception class="java.lang.AssertionError">
            <message>
              <![CDATA[expected [Incorrect email or password.] but found [Incorrect email or password.?]]]>
            </message>
            <full-stacktrace>
              <![CDATA[java.lang.AssertionError: expected [Incorrect email or password.] but found [Incorrect email or password.?]
at org.testng.Assert.fail(Assert.java:111)
at org.testng.Assert.failNotEquals(Assert.java:1590)
at org.testng.Assert.assertEqualsImpl(Assert.java:150)
at org.testng.Assert.assertEquals(Assert.java:132)
at org.testng.Assert.assertEquals(Assert.java:656)
at org.testng.Assert.assertEquals(Assert.java:666)
at script.test.ErrorValidationsTest.LoginErrorValidation(ErrorValidationsTest.java:23)
at java.base/jdk.internal.reflect.NativeMethodAccessorImpl.invoke0(Native Method)
at java.base/jdk.internal.reflect.NativeMethodAccessorImpl.invoke(NativeMethodAccessorImpl.java:77)
at java.base/jdk.internal.reflect.DelegatingMethodAccessorImpl.invoke(DelegatingMethodAccessorImpl.java:43)
at java.base/java.lang.reflect.Method.invoke(Method.java:569)
at org.testng.internal.invokers.MethodInvocationHelper.invokeMethod(MethodInvocationHelper.java:141)
at org.testng.internal.invokers.TestInvoker.invokeMethod(TestInvoker.java:687)
at org.testng.internal.invokers.TestInvoker.invokeTestMethod(TestInvoker.java:230)
at org.testng.internal.invokers.MethodRunner.runInSequence(MethodRunner.java:63)
at org.testng.internal.invokers.TestInvoker$MethodInvocationAgent.invoke(TestInvoker.java:995)
at org.testng.internal.invokers.TestInvoker.invokeTestMethods(TestInvoker.java:203)
at org.testng.internal.invokers.TestMethodWorker.invokeTestMethods(TestMethodWorker.java:154)
at org.testng.internal.invokers.TestMethodWorker.run(TestMethodWorker.java:134)
at java.base/java.util.ArrayList.forEach(ArrayList.java:1511)
at org.testng.TestRunner.privateRun(TestRunner.java:741)
at org.testng.TestRunner.run(TestRunner.java:616)
at org.testng.SuiteRunner.runTest(SuiteRunner.java:421)
at org.testng.SuiteRunner$SuiteWorker.run(SuiteRunner.java:463)
at org.testng.internal.thread.ThreadUtil.lambda$execute$0(ThreadUtil.java:64)
at java.base/java.util.concurrent.FutureTask.run(FutureTask.java:264)
at java.base/java.util.concurrent.ThreadPoolExecutor.runWorker(ThreadPoolExecutor.java:1136)
at java.base/java.util.concurrent.ThreadPoolExecutor$Worker.run(ThreadPoolExecutor.java:635)
at java.base/java.lang.Thread.run(Thread.java:840)
]]>
            </full-stacktrace>
          </exception> <!-- java.lang.AssertionError -->
          <reporter-output>
          </reporter-output>
        </test-method> <!-- LoginErrorValidation -->
        <test-method is-config="true" signature="tearDown()[pri:0, instance:script.test.ErrorValidationsTest@618b19ad]" started-at="2026-06-10T14:31:12 IST" name="tearDown" finished-at="2026-06-10T14:31:12 IST" duration-ms="74" status="PASS">
          <reporter-output>
          </reporter-output>
        </test-method> <!-- tearDown -->
        <test-method is-config="true" signature="lounchApplication()[pri:0, instance:script.test.ErrorValidationsTest@618b19ad]" started-at="2026-06-10T14:31:12 IST" name="lounchApplication" finished-at="2026-06-10T14:31:13 IST" duration-ms="1159" status="PASS">
          <reporter-output>
          </reporter-output>
        </test-method> <!-- lounchApplication -->
        <test-method signature="LoginErrorValidation()[pri:0, instance:script.test.ErrorValidationsTest@618b19ad]" started-at="2026-06-10T14:31:13 IST" name="LoginErrorValidation" finished-at="2026-06-10T14:31:14 IST" duration-ms="740" status="FAIL">
          <exception class="java.lang.AssertionError">
            <message>
              <![CDATA[expected [Incorrect email or password.] but found [Incorrect email or password.?]]]>
            </message>
            <full-stacktrace>
              <![CDATA[java.lang.AssertionError: expected [Incorrect email or password.] but found [Incorrect email or password.?]
at org.testng.Assert.fail(Assert.java:111)
at org.testng.Assert.failNotEquals(Assert.java:1590)
at org.testng.Assert.assertEqualsImpl(Assert.java:150)
at org.testng.Assert.assertEquals(Assert.java:132)
at org.testng.Assert.assertEquals(Assert.java:656)
at org.testng.Assert.assertEquals(Assert.java:666)
at script.test.ErrorValidationsTest.LoginErrorValidation(ErrorValidationsTest.java:23)
at java.base/jdk.internal.reflect.NativeMethodAccessorImpl.invoke0(Native Method)
at java.base/jdk.internal.reflect.NativeMethodAccessorImpl.invoke(NativeMethodAccessorImpl.java:77)
at java.base/jdk.internal.reflect.DelegatingMethodAccessorImpl.invoke(DelegatingMethodAccessorImpl.java:43)
at java.base/java.lang.reflect.Method.invoke(Method.java:569)
at org.testng.internal.invokers.MethodInvocationHelper.invokeMethod(MethodInvocationHelper.java:141)
at org.testng.internal.invokers.TestInvoker.invokeMethod(TestInvoker.java:687)
at org.testng.internal.invokers.TestInvoker.retryFailed(TestInvoker.java:269)
at org.testng.internal.invokers.MethodRunner.runInSequence(MethodRunner.java:76)
at org.testng.internal.invokers.TestInvoker$MethodInvocationAgent.invoke(TestInvoker.java:995)
at org.testng.internal.invokers.TestInvoker.invokeTestMethods(TestInvoker.java:203)
at org.testng.internal.invokers.TestMethodWorker.invokeTestMethods(TestMethodWorker.java:154)
at org.testng.internal.invokers.TestMethodWorker.run(TestMethodWorker.java:134)
at java.base/java.util.ArrayList.forEach(ArrayList.java:1511)
at org.testng.TestRunner.privateRun(TestRunner.java:741)
at org.testng.TestRunner.run(TestRunner.java:616)
at org.testng.SuiteRunner.runTest(SuiteRunner.java:421)
at org.testng.SuiteRunner$SuiteWorker.run(SuiteRunner.java:463)
at org.testng.internal.thread.ThreadUtil.lambda$execute$0(ThreadUtil.java:64)
at java.base/java.util.concurrent.FutureTask.run(FutureTask.java:264)
at java.base/java.util.concurrent.ThreadPoolExecutor.runWorker(ThreadPoolExecutor.java:1136)
at java.base/java.util.concurrent.ThreadPoolExecutor$Worker.run(ThreadPoolExecutor.java:635)
at java.base/java.lang.Thread.run(Thread.java:840)
]]>
            </full-stacktrace>
          </exception> <!-- java.lang.AssertionError -->
          <reporter-output>
          </reporter-output>
        </test-method> <!-- LoginErrorValidation -->
        <test-method is-config="true" signature="tearDown()[pri:0, instance:script.test.ErrorValidationsTest@618b19ad]" started-at="2026-06-10T14:31:14 IST" name="tearDown" finished-at="2026-06-10T14:31:14 IST" duration-ms="69" status="PASS">
          <reporter-output>
          </reporter-output>
        </test-method> <!-- tearDown -->
        <test-method is-config="true" signature="lounchApplication()[pri:0, instance:script.test.ErrorValidationsTest@618b19ad]" started-at="2026-06-10T14:31:14 IST" name="lounchApplication" finished-at="2026-06-10T14:31:15 IST" duration-ms="1175" status="PASS">
          <reporter-output>
          </reporter-output>
        </test-method> <!-- lounchApplication -->
        <test-method signature="ProductErrorValidation()[pri:0, instance:script.test.ErrorValidationsTest@618b19ad]" started-at="2026-06-10T14:31:15 IST" name="ProductErrorValidation" finished-at="2026-06-10T14:31:18 IST" duration-ms="3358" status="PASS">
          <reporter-output>
          </reporter-output>
        </test-method> <!-- ProductErrorValidation -->
        <test-method is-config="true" signature="tearDown()[pri:0, instance:script.test.ErrorValidationsTest@618b19ad]" started-at="2026-06-10T14:31:18 IST" name="tearDown" finished-at="2026-06-10T14:31:18 IST" duration-ms="70" status="PASS">
          <reporter-output>
          </reporter-output>
        </test-method> <!-- tearDown -->
      </class> <!-- script.test.ErrorValidationsTest -->
    </test> <!-- Error Validations Test -->
    <test started-at="2026-06-10T14:31:08 IST" name="Submit Order Test" finished-at="2026-06-10T14:31:56 IST" duration-ms="47708">
      <class name="script.test.SubmitOrderTest">
        <test-method is-config="true" signature="lounchApplication()[pri:0, instance:script.test.SubmitOrderTest@4fb0f2b9]" started-at="2026-06-10T14:31:08 IST" name="lounchApplication" finished-at="2026-06-10T14:31:11 IST" duration-ms="3176" status="PASS">
          <reporter-output>
          </reporter-output>
        </test-method> <!-- lounchApplication -->
        <test-method signature="submitOrder(java.util.HashMap)[pri:0, instance:script.test.SubmitOrderTest@4fb0f2b9]" started-at="2026-06-10T14:31:11 IST" name="submitOrder" data-provider="getData" finished-at="2026-06-10T14:31:32 IST" duration-ms="20557" status="PASS">
          <params>
            <param index="0">
              <value>
                <![CDATA[{password=Test@123, product=IPHONE 13 PRO, email=Sac@tester.com}]]>
              </value>
            </param>
          </params>
          <reporter-output>
          </reporter-output>
        </test-method> <!-- submitOrder -->
        <test-method is-config="true" signature="tearDown()[pri:0, instance:script.test.SubmitOrderTest@4fb0f2b9]" started-at="2026-06-10T14:31:32 IST" name="tearDown" finished-at="2026-06-10T14:31:32 IST" duration-ms="75" status="PASS">
          <reporter-output>
          </reporter-output>
        </test-method> <!-- tearDown -->
        <test-method is-config="true" signature="lounchApplication()[pri:0, instance:script.test.SubmitOrderTest@4fb0f2b9]" started-at="2026-06-10T14:31:32 IST" name="lounchApplication" finished-at="2026-06-10T14:31:33 IST" duration-ms="1147" status="PASS">
          <reporter-output>
          </reporter-output>
        </test-method> <!-- lounchApplication -->
        <test-method signature="submitOrder(java.util.HashMap)[pri:0, instance:script.test.SubmitOrderTest@4fb0f2b9]" started-at="2026-06-10T14:31:33 IST" name="submitOrder" data-provider="getData" finished-at="2026-06-10T14:31:54 IST" duration-ms="20526" status="PASS">
          <params>
            <param index="0">
              <value>
                <![CDATA[{password=Sachin@123, product=ADIDAS ORIGINAL, email=Tester@sac.com}]]>
              </value>
            </param>
          </params>
          <reporter-output>
          </reporter-output>
        </test-method> <!-- submitOrder -->
        <test-method is-config="true" signature="tearDown()[pri:0, instance:script.test.SubmitOrderTest@4fb0f2b9]" started-at="2026-06-10T14:31:54 IST" name="tearDown" finished-at="2026-06-10T14:31:54 IST" duration-ms="73" status="PASS">
          <reporter-output>
          </reporter-output>
        </test-method> <!-- tearDown -->
        <test-method is-config="true" signature="lounchApplication()[pri:0, instance:script.test.SubmitOrderTest@4fb0f2b9]" started-at="2026-06-10T14:31:54 IST" name="lounchApplication" finished-at="2026-06-10T14:31:55 IST" duration-ms="1352" status="PASS">
          <reporter-output>
          </reporter-output>
        </test-method> <!-- lounchApplication -->
        <test-method signature="orderHistoryTest()[pri:0, instance:script.test.SubmitOrderTest@4fb0f2b9]" started-at="2026-06-10T14:31:55 IST" name="orderHistoryTest" finished-at="2026-06-10T14:31:56 IST" depends-on-methods="script.test.SubmitOrderTest.submitOrder" duration-ms="576" status="PASS">
          <reporter-output>
          </reporter-output>
        </test-method> <!-- orderHistoryTest -->
        <test-method is-config="true" signature="tearDown()[pri:0, instance:script.test.SubmitOrderTest@4fb0f2b9]" started-at="2026-06-10T14:31:56 IST" name="tearDown" finished-at="2026-06-10T14:31:56 IST" duration-ms="66" status="PASS">
          <reporter-output>
          </reporter-output>
        </test-method> <!-- tearDown -->
      </class> <!-- script.test.SubmitOrderTest -->
    </test> <!-- Submit Order Test -->
  </suite> <!-- Suite -->
</testng-results>
