<?xml version="1.0" encoding="UTF-8"?>
<testng-results retried="1" ignored="2" total="5" passed="1" failed="1" skipped="0">
  <reporter-output>
  </reporter-output>
  <suite started-at="2026-06-04T16:40:44 IST" name="Suite" finished-at="2026-06-04T16:41:02 IST" duration-ms="18737">
    <groups>
      <group name="ErrorHandling">
        <method signature="ErrorValidationsTest.LoginErrorValidation()[pri:0, instance:script.test.ErrorValidationsTest@34bde49d]" name="LoginErrorValidation" class="script.test.ErrorValidationsTest"/>
      </group> <!-- ErrorHandling -->
    </groups>
    <test started-at="2026-06-04T16:40:44 IST" name="Submit Order Test" finished-at="2026-06-04T16:40:44 IST" duration-ms="14">
    </test> <!-- Submit Order Test -->
    <test started-at="2026-06-04T16:40:44 IST" name="Error Validations Test" finished-at="2026-06-04T16:41:02 IST" duration-ms="18737">
      <class name="script.test.ErrorValidationsTest">
        <test-method is-config="true" signature="lounchApplication()[pri:0, instance:script.test.ErrorValidationsTest@34bde49d]" started-at="2026-06-04T16:40:44 IST" name="lounchApplication" finished-at="2026-06-04T16:40:47 IST" duration-ms="3466" status="PASS">
          <reporter-output>
          </reporter-output>
        </test-method> <!-- lounchApplication -->
        <test-method retried="true" signature="LoginErrorValidation()[pri:0, instance:script.test.ErrorValidationsTest@34bde49d]" started-at="2026-06-04T16:40:47 IST" name="LoginErrorValidation" finished-at="2026-06-04T16:40:47 IST" duration-ms="416" status="SKIP">
          <exception class="java.lang.AssertionError">
            <message>
              <![CDATA[expected [Incorrect email or password.] but found [Incorrect email or password.?]]]>
            </message>
            <full-stacktrace>
              <![CDATA[java.lang.AssertionError: expected [Incorrect email or password.] but found [Incorrect email or password.?]
at org.testng.Assert.fail(Assert.java:111)
at org.testng.Assert.failNotEquals(Assert.java:1590)
at org.testng.Assert.assertEqualsImpl(Assert.java:150)
at org.testng.Assert.assertEquals(Assert.java:132)
at org.testng.Assert.assertEquals(Assert.java:656)
at org.testng.Assert.assertEquals(Assert.java:666)
at script.test.ErrorValidationsTest.LoginErrorValidation(ErrorValidationsTest.java:23)
at java.base/jdk.internal.reflect.NativeMethodAccessorImpl.invoke0(Native Method)
at java.base/jdk.internal.reflect.NativeMethodAccessorImpl.invoke(NativeMethodAccessorImpl.java:77)
at java.base/jdk.internal.reflect.DelegatingMethodAccessorImpl.invoke(DelegatingMethodAccessorImpl.java:43)
at java.base/java.lang.reflect.Method.invoke(Method.java:569)
at org.testng.internal.invokers.MethodInvocationHelper.invokeMethod(MethodInvocationHelper.java:141)
at org.testng.internal.invokers.TestInvoker.invokeMethod(TestInvoker.java:687)
at org.testng.internal.invokers.TestInvoker.invokeTestMethod(TestInvoker.java:230)
at org.testng.internal.invokers.MethodRunner.runInSequence(MethodRunner.java:63)
at org.testng.internal.invokers.TestInvoker$MethodInvocationAgent.invoke(TestInvoker.java:995)
at org.testng.internal.invokers.TestInvoker.invokeTestMethods(TestInvoker.java:203)
at org.testng.internal.invokers.TestMethodWorker.invokeTestMethods(TestMethodWorker.java:154)
at org.testng.internal.invokers.TestMethodWorker.run(TestMethodWorker.java:134)
at java.base/java.util.ArrayList.forEach(ArrayList.java:1511)
at org.testng.TestRunner.privateRun(TestRunner.java:741)
at org.testng.TestRunner.run(TestRunner.java:616)
at org.testng.SuiteRunner.runTest(SuiteRunner.java:421)
at org.testng.SuiteRunner$SuiteWorker.run(SuiteRunner.java:463)
at org.testng.internal.thread.ThreadUtil.lambda$execute$0(ThreadUtil.java:64)
at java.base/java.util.concurrent.FutureTask.run(FutureTask.java:264)
at java.base/java.util.concurrent.ThreadPoolExecutor.runWorker(ThreadPoolExecutor.java:1136)
at java.base/java.util.concurrent.ThreadPoolExecutor$Worker.run(ThreadPoolExecutor.java:635)
at java.base/java.lang.Thread.run(Thread.java:840)
]]>
            </full-stacktrace>
          </exception> <!-- java.lang.AssertionError -->
          <reporter-output>
          </reporter-output>
        </test-method> <!-- LoginErrorValidation -->
        <test-method is-config="true" signature="tearDown()[pri:0, instance:script.test.ErrorValidationsTest@34bde49d]" started-at="2026-06-04T16:40:47 IST" name="tearDown" finished-at="2026-06-04T16:40:48 IST" duration-ms="83" status="PASS">
          <reporter-output>
          </reporter-output>
        </test-method> <!-- tearDown -->
        <test-method is-config="true" signature="lounchApplication()[pri:0, instance:script.test.ErrorValidationsTest@34bde49d]" started-at="2026-06-04T16:40:48 IST" name="lounchApplication" finished-at="2026-06-04T16:40:49 IST" duration-ms="1433" status="PASS">
          <reporter-output>
          </reporter-output>
        </test-method> <!-- lounchApplication -->
        <test-method signature="LoginErrorValidation()[pri:0, instance:script.test.ErrorValidationsTest@34bde49d]" started-at="2026-06-04T16:40:49 IST" name="LoginErrorValidation" finished-at="2026-06-04T16:40:49 IST" duration-ms="429" status="FAIL">
          <exception class="java.lang.AssertionError">
            <message>
              <![CDATA[expected [Incorrect email or password.] but found [Incorrect email or password.?]]]>
            </message>
            <full-stacktrace>
              <![CDATA[java.lang.AssertionError: expected [Incorrect email or password.] but found [Incorrect email or password.?]
at org.testng.Assert.fail(Assert.java:111)
at org.testng.Assert.failNotEquals(Assert.java:1590)
at org.testng.Assert.assertEqualsImpl(Assert.java:150)
at org.testng.Assert.assertEquals(Assert.java:132)
at org.testng.Assert.assertEquals(Assert.java:656)
at org.testng.Assert.assertEquals(Assert.java:666)
at script.test.ErrorValidationsTest.LoginErrorValidation(ErrorValidationsTest.java:23)
at java.base/jdk.internal.reflect.NativeMethodAccessorImpl.invoke0(Native Method)
at java.base/jdk.internal.reflect.NativeMethodAccessorImpl.invoke(NativeMethodAccessorImpl.java:77)
at java.base/jdk.internal.reflect.DelegatingMethodAccessorImpl.invoke(DelegatingMethodAccessorImpl.java:43)
at java.base/java.lang.reflect.Method.invoke(Method.java:569)
at org.testng.internal.invokers.MethodInvocationHelper.invokeMethod(MethodInvocationHelper.java:141)
at org.testng.internal.invokers.TestInvoker.invokeMethod(TestInvoker.java:687)
at org.testng.internal.invokers.TestInvoker.retryFailed(TestInvoker.java:269)
at org.testng.internal.invokers.MethodRunner.runInSequence(MethodRunner.java:76)
at org.testng.internal.invokers.TestInvoker$MethodInvocationAgent.invoke(TestInvoker.java:995)
at org.testng.internal.invokers.TestInvoker.invokeTestMethods(TestInvoker.java:203)
at org.testng.internal.invokers.TestMethodWorker.invokeTestMethods(TestMethodWorker.java:154)
at org.testng.internal.invokers.TestMethodWorker.run(TestMethodWorker.java:134)
at java.base/java.util.ArrayList.forEach(ArrayList.java:1511)
at org.testng.TestRunner.privateRun(TestRunner.java:741)
at org.testng.TestRunner.run(TestRunner.java:616)
at org.testng.SuiteRunner.runTest(SuiteRunner.java:421)
at org.testng.SuiteRunner$SuiteWorker.run(SuiteRunner.java:463)
at org.testng.internal.thread.ThreadUtil.lambda$execute$0(ThreadUtil.java:64)
at java.base/java.util.concurrent.FutureTask.run(FutureTask.java:264)
at java.base/java.util.concurrent.ThreadPoolExecutor.runWorker(ThreadPoolExecutor.java:1136)
at java.base/java.util.concurrent.ThreadPoolExecutor$Worker.run(ThreadPoolExecutor.java:635)
at java.base/java.lang.Thread.run(Thread.java:840)
]]>
            </full-stacktrace>
          </exception> <!-- java.lang.AssertionError -->
          <reporter-output>
          </reporter-output>
        </test-method> <!-- LoginErrorValidation -->
        <test-method is-config="true" signature="tearDown()[pri:0, instance:script.test.ErrorValidationsTest@34bde49d]" started-at="2026-06-04T16:40:50 IST" name="tearDown" finished-at="2026-06-04T16:40:50 IST" duration-ms="73" status="PASS">
          <reporter-output>
          </reporter-output>
        </test-method> <!-- tearDown -->
        <test-method is-config="true" signature="lounchApplication()[pri:0, instance:script.test.ErrorValidationsTest@34bde49d]" started-at="2026-06-04T16:40:50 IST" name="lounchApplication" finished-at="2026-06-04T16:40:53 IST" duration-ms="3481" status="PASS">
          <reporter-output>
          </reporter-output>
        </test-method> <!-- lounchApplication -->
        <test-method signature="ProductErrorValidation()[pri:0, instance:script.test.ErrorValidationsTest@34bde49d]" started-at="2026-06-04T16:40:53 IST" name="ProductErrorValidation" finished-at="2026-06-04T16:41:02 IST" duration-ms="9068" status="PASS">
          <reporter-output>
          </reporter-output>
        </test-method> <!-- ProductErrorValidation -->
        <test-method is-config="true" signature="tearDown()[pri:0, instance:script.test.ErrorValidationsTest@34bde49d]" started-at="2026-06-04T16:41:02 IST" name="tearDown" finished-at="2026-06-04T16:41:02 IST" duration-ms="77" status="PASS">
          <reporter-output>
          </reporter-output>
        </test-method> <!-- tearDown -->
      </class> <!-- script.test.ErrorValidationsTest -->
    </test> <!-- Error Validations Test -->
  </suite> <!-- Suite -->
</testng-results>
