<?xml version="1.0" encoding="UTF-8"?>
<!-- Generated by org.testng.reporters.JUnitReportReporter -->
<testsuite hostname="sachin-Latitude-3420" failures="0" tests="3" name="script.test.SubmitOrderTest" time="74.450" errors="0" timestamp="2026-05-24T13:36:36 IST" skipped="0">
  <testcase classname="script.test.SubmitOrderTest" name="orderHistoryTest" time="4.712"/>
  <testcase classname="script.test.SubmitOrderTest" name="submitOrder" time="26.351"/>
  <testcase classname="script.test.SubmitOrderTest" name="submitOrder" time="43.387"/>
</testsuite> <!-- script.test.SubmitOrderTest -->
