<?xml version="1.0" encoding="UTF-8"?>
<!-- Generated by org.testng.reporters.JUnitReportReporter -->
<testsuite hostname="sachin-Latitude-3420" failures="0" tests="3" name="Script.Test.SubmitOrderTest" time="82.072" errors="0" timestamp="2026-05-15T16:01:34 IST" skipped="0">
  <testcase classname="Script.Test.SubmitOrderTest" name="submitOrder" time="41.256"/>
  <testcase classname="Script.Test.SubmitOrderTest" name="submitOrder" time="28.346"/>
  <testcase classname="Script.Test.SubmitOrderTest" name="orderHistoryTest" time="12.470"/>
</testsuite> <!-- Script.Test.SubmitOrderTest -->
