<?xml version="1.0" encoding="UTF-8"?>
<!-- Generated by org.testng.reporters.JUnitReportReporter -->
<testsuite hostname="sachin-Latitude-3420" failures="0" tests="3" name="script.test.SubmitOrderTest" time="47.548" errors="0" timestamp="2026-06-10T14:31:56 IST" skipped="0">
  <testcase classname="script.test.SubmitOrderTest" name="orderHistoryTest" time="2.003"/>
  <testcase classname="script.test.SubmitOrderTest" name="submitOrder" time="23.806"/>
  <testcase classname="script.test.SubmitOrderTest" name="submitOrder" time="21.739"/>
</testsuite> <!-- script.test.SubmitOrderTest -->
