<?xml version="1.0" encoding="UTF-8"?>
<!-- Generated by org.testng.reporters.JUnitReportReporter -->
<testsuite hostname="sachin-Latitude-3420" failures="0" tests="3" name="script.test.SubmitOrderTest" time="54.569" errors="0" timestamp="2026-05-24T14:44:13 IST" skipped="0">
  <testcase classname="script.test.SubmitOrderTest" name="submitOrder" time="25.605"/>
  <testcase classname="script.test.SubmitOrderTest" name="submitOrder" time="25.652"/>
  <testcase classname="script.test.SubmitOrderTest" name="orderHistoryTest" time="3.312"/>
</testsuite> <!-- script.test.SubmitOrderTest -->
