<?xml version="1.0" encoding="UTF-8"?>
<!-- Generated by org.testng.reporters.JUnitReportReporter -->
<testsuite hostname="sachin-Latitude-3420" failures="0" tests="2" name="script.test.SubmitOrderTest" time="54.950" errors="0" timestamp="2026-06-07T14:14:58 IST" skipped="0">
  <testcase classname="script.test.SubmitOrderTest" name="submitOrder" time="30.301"/>
  <testcase classname="script.test.SubmitOrderTest" name="submitOrder" time="24.649"/>
</testsuite> <!-- script.test.SubmitOrderTest -->
